<?xml version="1.0" encoding="UTF-8"?>
<!-- Generated by org.testng.reporters.JUnitXMLReporter -->
<testsuite hostname="LAPTOP-E5RP2P6C" ignored="0" name="Test" tests="11" failures="2" timestamp="28 Jun 2021 08:50:11 GMT" time="24.092" errors="0">
  <testcase name="verifyTitle" time="0.024" classname="implementation_listeners_DXpath_Wait.DashbordPage"/>
  <testcase name="pageLayout" time="0.146" classname="implementation_listeners_DXpath_Wait.LoginPage"/>
  <testcase name="subTitleofDasgboard" time="0.203" classname="implementation_listeners_DXpath_Wait.DashbordPage"/>
  <testcase name="VerifyHeading" time="0.051" classname="implementation_listeners_DXpath_Wait.LoginPage"/>
  <testcase name="userTabLink" time="0.434" classname="implementation_listeners_DXpath_Wait.DashbordPage"/>
  <testcase name="login" time="0.382" classname="implementation_listeners_DXpath_Wait.LoginPage"/>
  <testcase name="logoutButton" time="0.293" classname="implementation_listeners_DXpath_Wait.DashbordPage"/>
  <testcase name="verifyinvalidEmail" time="0.298" classname="implementation_listeners_DXpath_Wait.LoginPage"/>
  <testcase name="blankPass" time="0.253" classname="implementation_listeners_DXpath_Wait.LoginPage">
    <failure type="java.lang.AssertionError" message="expected [Please enter password..] but found [Please enter password.]">
      <![CDATA[java.lang.AssertionError: expected [Please enter password..] but found [Please enter password.]
	at implementation_listeners_DXpath_Wait.LoginPage.blankPass(LoginPage.java:81)
... Removed 31 stack frames]]>
    </failure>
  </testcase> <!-- blankPass -->
  <testcase name="invalidPass" time="0.249" classname="implementation_listeners_DXpath_Wait.LoginPage">
    <failure type="java.lang.AssertionError" message="expected [Please enter password 123456..] but found [Please enter password 123456]">
      <![CDATA[java.lang.AssertionError: expected [Please enter password 123456..] but found [Please enter password 123456]
	at implementation_listeners_DXpath_Wait.LoginPage.invalidPass(LoginPage.java:92)
... Removed 31 stack frames]]>
    </failure>
  </testcase> <!-- invalidPass -->
  <testcase name="verifyCorrectData" time="8.796" classname="implementation_listeners_DXpath_Wait.LoginPage"/>
</testsuite> <!-- Test -->
